Traceback (most recent call last):
  File "/Users/skojaku-admin/miniforge3/envs/applsoftcomp/lib/python3.10/site-packages/jupyter_cache/executors/utils.py", line 58, in single_nb_execution
    executenb(
  File "/Users/skojaku-admin/miniforge3/envs/applsoftcomp/lib/python3.10/site-packages/nbclient/client.py", line 1319, in execute
    return NotebookClient(nb=nb, resources=resources, km=km, **kwargs).execute()
  File "/Users/skojaku-admin/miniforge3/envs/applsoftcomp/lib/python3.10/site-packages/jupyter_core/utils/__init__.py", line 165, in wrapped
    return loop.run_until_complete(inner)
  File "/Users/skojaku-admin/miniforge3/envs/applsoftcomp/lib/python3.10/asyncio/base_events.py", line 649, in run_until_complete
    return future.result()
  File "/Users/skojaku-admin/miniforge3/envs/applsoftcomp/lib/python3.10/site-packages/nbclient/client.py", line 709, in async_execute
    await self.async_execute_cell(
  File "/Users/skojaku-admin/miniforge3/envs/applsoftcomp/lib/python3.10/site-packages/nbclient/client.py", line 1062, in async_execute_cell
    await self._check_raise_for_error(cell, cell_index, exec_reply)
  File "/Users/skojaku-admin/miniforge3/envs/applsoftcomp/lib/python3.10/site-packages/nbclient/client.py", line 918, in _check_raise_for_error
    raise CellExecutionError.from_cell_and_msg(cell, exec_reply_content)
nbclient.exceptions.CellExecutionError: An error occurred while executing the following cell:
------------------
import torch
import torch.nn as nn
import torch.nn.functional as F

class Attention(nn.Module):
    def __init__(self, hidden_size):
        super().__init__()
        # For additive attention
        self.attn = nn.Linear(hidden_size * 2, hidden_size)
        self.v = nn.Parameter(torch.rand(hidden_size))

    def forward(self, hidden, encoder_outputs):
        # hidden: [batch_size, hidden_size]
        # encoder_outputs: [batch_size, seq_len, hidden_size]

        batch_size, seq_len, hidden_size = encoder_outputs.size()

        # Repeat hidden state seq_len times
        hidden = hidden.unsqueeze(1).repeat(1, seq_len, 1)

        # Calculate attention scores
        energy = torch.tanh(self.attn(torch.cat((hidden, encoder_outputs), dim=2)))
        energy = energy.permute(0, 2, 1)
        v = self.v.repeat(batch_size, 1).unsqueeze(1)
        attention = torch.bmm(v, energy).squeeze(1)

        # Calculate attention weights
        return F.softmax(attention, dim=1)
------------------


[0;31m---------------------------------------------------------------------------[0m
[0;31mImportError[0m                               Traceback (most recent call last)
Cell [0;32mIn[1], line 1[0m
[0;32m----> 1[0m [38;5;28;01mimport[39;00m [38;5;21;01mtorch[39;00m
[1;32m      2[0m [38;5;28;01mimport[39;00m [38;5;21;01mtorch[39;00m[38;5;21;01m.[39;00m[38;5;21;01mnn[39;00m [38;5;28;01mas[39;00m [38;5;21;01mnn[39;00m
[1;32m      3[0m [38;5;28;01mimport[39;00m [38;5;21;01mtorch[39;00m[38;5;21;01m.[39;00m[38;5;21;01mnn[39;00m[38;5;21;01m.[39;00m[38;5;21;01mfunctional[39;00m [38;5;28;01mas[39;00m [38;5;21;01mF[39;00m

File [0;32m~/miniforge3/envs/applsoftcomp/lib/python3.10/site-packages/torch/__init__.py:367[0m
[1;32m    365[0m     [38;5;28;01mif[39;00m USE_GLOBAL_DEPS:
[1;32m    366[0m         _load_global_deps()
[0;32m--> 367[0m     [38;5;28;01mfrom[39;00m [38;5;21;01mtorch[39;00m[38;5;21;01m.[39;00m[38;5;21;01m_C[39;00m [38;5;28;01mimport[39;00m [38;5;241m*[39m  [38;5;66;03m# noqa: F403[39;00m
[1;32m    370[0m [38;5;28;01mclass[39;00m [38;5;21;01mSymInt[39;00m:
[1;32m    371[0m [38;5;250m    [39m[38;5;124;03m"""[39;00m
[1;32m    372[0m [38;5;124;03m    Like an int (including magic methods), but redirects all operations on the[39;00m
[1;32m    373[0m [38;5;124;03m    wrapped node. This is used in particular to symbolically record operations[39;00m
[1;32m    374[0m [38;5;124;03m    in the symbolic shape workflow.[39;00m
[1;32m    375[0m [38;5;124;03m    """[39;00m

[0;31mImportError[0m: dlopen(/Users/skojaku-admin/miniforge3/envs/applsoftcomp/lib/python3.10/site-packages/torch/_C.cpython-310-darwin.so, 0x0002): Symbol not found: __ZN2at3cpu20is_arm_sve_supportedEv
  Referenced from: <D93D20A5-7F4C-32F1-874B-FE7B416FFD91> /Users/skojaku-admin/miniforge3/envs/applsoftcomp/lib/python3.10/site-packages/torch/lib/libtorch_python.dylib
  Expected in:     <616791F0-29C3-3F88-8A88-D072E7E40979> /Users/skojaku-admin/miniforge3/envs/applsoftcomp/lib/libtorch_cpu.dylib

