Traceback (most recent call last):
  File "/Users/skojaku-admin/miniforge3/envs/applsoftcomp/lib/python3.10/site-packages/jupyter_cache/executors/utils.py", line 58, in single_nb_execution
    executenb(
  File "/Users/skojaku-admin/miniforge3/envs/applsoftcomp/lib/python3.10/site-packages/nbclient/client.py", line 1319, in execute
    return NotebookClient(nb=nb, resources=resources, km=km, **kwargs).execute()
  File "/Users/skojaku-admin/miniforge3/envs/applsoftcomp/lib/python3.10/site-packages/jupyter_core/utils/__init__.py", line 165, in wrapped
    return loop.run_until_complete(inner)
  File "/Users/skojaku-admin/miniforge3/envs/applsoftcomp/lib/python3.10/asyncio/base_events.py", line 649, in run_until_complete
    return future.result()
  File "/Users/skojaku-admin/miniforge3/envs/applsoftcomp/lib/python3.10/site-packages/nbclient/client.py", line 709, in async_execute
    await self.async_execute_cell(
  File "/Users/skojaku-admin/miniforge3/envs/applsoftcomp/lib/python3.10/site-packages/nbclient/client.py", line 1062, in async_execute_cell
    await self._check_raise_for_error(cell, cell_index, exec_reply)
  File "/Users/skojaku-admin/miniforge3/envs/applsoftcomp/lib/python3.10/site-packages/nbclient/client.py", line 918, in _check_raise_for_error
    raise CellExecutionError.from_cell_and_msg(cell, exec_reply_content)
nbclient.exceptions.CellExecutionError: An error occurred while executing the following cell:
------------------
import pytorch_lightning as pyl

class CharDecoder(pyl.LightningModule):
    def __init__(self, vocab_size, output_size, hidden_size, num_layers):
        super().__init__()
        self.lstm = nn.LSTM(
            input_size=vocab_size,
            hidden_size=hidden_size,
            num_layers=num_layers,
            batch_first=True,
        )
        self.fc = nn.Linear(hidden_size, output_size)
        self.embedding = nn.Embedding(vocab_size, vocab_size)

        # One-hot encoding
        self.embedding.weight.data = torch.eye(vocab_size)
        self.embedding.weight.requires_grad = False

        # Validation loss
        self.val_losses = []

    def forward(self, x):

        # x is a tensor of shape (batch_size, seq_len)
        batch_size, seq_len = x.shape

        # To token index to one-hot encoding
        x = self.embedding(x)

        # To sentnece to sequence of chars
        hidden = self.init_hidden(batch_size)
        x, _ = self.lstm(x, hidden)
        x = x[:, -1, :]
        x = self.fc(x)
        return x

    def training_step(self, batch, batch_idx):
        x, y = batch
        y_hat = self(x)
        loss = torch.nn.functional.cross_entropy(y_hat, y.reshape(-1))
        self.log("train_loss", loss)
        return loss

    def validation_step(self, batch, batch_idx):
        with torch.no_grad():
            x, y = batch
            y_hat = self(x)
            loss = torch.nn.functional.cross_entropy(y_hat, y.reshape(-1))
            self.log("val_loss", loss)
            self.val_losses.append(loss.cpu().item())
        return loss

    def configure_optimizers(self):
        return torch.optim.Adam(self.parameters(), lr=0.01)

    def init_hidden(self, batch_size):
        return (
            torch.zeros(self.lstm.num_layers, batch_size, self.lstm.hidden_size, device=self.device),
            torch.zeros(self.lstm.num_layers, batch_size, self.lstm.hidden_size, device=self.device),
        )
------------------


[0;31m---------------------------------------------------------------------------[0m
[0;31mModuleNotFoundError[0m                       Traceback (most recent call last)
Cell [0;32mIn[5], line 1[0m
[0;32m----> 1[0m [38;5;28;01mimport[39;00m [38;5;21;01mpytorch_lightning[39;00m [38;5;28;01mas[39;00m [38;5;21;01mpyl[39;00m
[1;32m      3[0m [38;5;28;01mclass[39;00m [38;5;21;01mCharDecoder[39;00m(pyl[38;5;241m.[39mLightningModule):
[1;32m      4[0m     [38;5;28;01mdef[39;00m [38;5;21m__init__[39m([38;5;28mself[39m, vocab_size, output_size, hidden_size, num_layers):

[0;31mModuleNotFoundError[0m: No module named 'pytorch_lightning'

