Traceback (most recent call last):
  File "/Users/skojaku-admin/miniforge3/envs/applsoftcomp/lib/python3.10/site-packages/jupyter_cache/executors/utils.py", line 58, in single_nb_execution
    executenb(
  File "/Users/skojaku-admin/miniforge3/envs/applsoftcomp/lib/python3.10/site-packages/nbclient/client.py", line 1319, in execute
    return NotebookClient(nb=nb, resources=resources, km=km, **kwargs).execute()
  File "/Users/skojaku-admin/miniforge3/envs/applsoftcomp/lib/python3.10/site-packages/jupyter_core/utils/__init__.py", line 165, in wrapped
    return loop.run_until_complete(inner)
  File "/Users/skojaku-admin/miniforge3/envs/applsoftcomp/lib/python3.10/asyncio/base_events.py", line 649, in run_until_complete
    return future.result()
  File "/Users/skojaku-admin/miniforge3/envs/applsoftcomp/lib/python3.10/site-packages/nbclient/client.py", line 709, in async_execute
    await self.async_execute_cell(
  File "/Users/skojaku-admin/miniforge3/envs/applsoftcomp/lib/python3.10/site-packages/nbclient/client.py", line 1062, in async_execute_cell
    await self._check_raise_for_error(cell, cell_index, exec_reply)
  File "/Users/skojaku-admin/miniforge3/envs/applsoftcomp/lib/python3.10/site-packages/nbclient/client.py", line 918, in _check_raise_for_error
    raise CellExecutionError.from_cell_and_msg(cell, exec_reply_content)
nbclient.exceptions.CellExecutionError: An error occurred while executing the following cell:
------------------
import torch
import torch.nn as nn
import torch.nn.functional as F

class InceptionModule(nn.Module):
    def __init__(self, in_channels, out_1x1, red_3x3, out_3x3, red_5x5, out_5x5, pool_proj):
        super(InceptionModule, self).__init__()

        # Branch 1: 1x1 Conv
        self.branch1 = nn.Conv2d(in_channels, out_1x1, kernel_size=1)

        # Branch 2: 1x1 Conv -> 3x3 Conv
        self.branch2_reduce = nn.Conv2d(in_channels, red_3x3, kernel_size=1)
        self.branch2 = nn.Conv2d(red_3x3, out_3x3, kernel_size=3, padding=1)

        # Branch 3: 1x1 Conv -> 5x5 Conv
        self.branch3_reduce = nn.Conv2d(in_channels, red_5x5, kernel_size=1)
        self.branch3 = nn.Conv2d(red_5x5, out_5x5, kernel_size=5, padding=2)

        # Branch 4: Max Pool -> 1x1 Conv
        self.branch4_pool = nn.MaxPool2d(kernel_size=3, stride=1, padding=1)
        self.branch4 = nn.Conv2d(in_channels, pool_proj, kernel_size=1)

    def forward(self, x):
        branch1_out = F.relu(self.branch1(x))

        branch2_out = F.relu(self.branch2(F.relu(self.branch2_reduce(x))))

        branch3_out = F.relu(self.branch3(F.relu(self.branch3_reduce(x))))

        branch4_out = F.relu(self.branch4(self.branch4_pool(x)))

        # Concatenate along channel dimension
        return torch.cat([branch1_out, branch2_out, branch3_out, branch4_out], dim=1)

# Example usage:
if __name__ == "__main__":
    inception = InceptionModule(64, 16, 16, 24, 16, 24, 16)
    dummy_input = torch.randn(1, 64, 56, 56)  # (batch_size, channels, height, width)
    output = inception(dummy_input)
    print("Output shape from Inception module:", output.shape)
------------------


[0;31m---------------------------------------------------------------------------[0m
[0;31mImportError[0m                               Traceback (most recent call last)
Cell [0;32mIn[1], line 1[0m
[0;32m----> 1[0m [38;5;28;01mimport[39;00m [38;5;21;01mtorch[39;00m
[1;32m      2[0m [38;5;28;01mimport[39;00m [38;5;21;01mtorch[39;00m[38;5;21;01m.[39;00m[38;5;21;01mnn[39;00m [38;5;28;01mas[39;00m [38;5;21;01mnn[39;00m
[1;32m      3[0m [38;5;28;01mimport[39;00m [38;5;21;01mtorch[39;00m[38;5;21;01m.[39;00m[38;5;21;01mnn[39;00m[38;5;21;01m.[39;00m[38;5;21;01mfunctional[39;00m [38;5;28;01mas[39;00m [38;5;21;01mF[39;00m

File [0;32m~/miniforge3/envs/applsoftcomp/lib/python3.10/site-packages/torch/__init__.py:367[0m
[1;32m    365[0m     [38;5;28;01mif[39;00m USE_GLOBAL_DEPS:
[1;32m    366[0m         _load_global_deps()
[0;32m--> 367[0m     [38;5;28;01mfrom[39;00m [38;5;21;01mtorch[39;00m[38;5;21;01m.[39;00m[38;5;21;01m_C[39;00m [38;5;28;01mimport[39;00m [38;5;241m*[39m  [38;5;66;03m# noqa: F403[39;00m
[1;32m    370[0m [38;5;28;01mclass[39;00m [38;5;21;01mSymInt[39;00m:
[1;32m    371[0m [38;5;250m    [39m[38;5;124;03m"""[39;00m
[1;32m    372[0m [38;5;124;03m    Like an int (including magic methods), but redirects all operations on the[39;00m
[1;32m    373[0m [38;5;124;03m    wrapped node. This is used in particular to symbolically record operations[39;00m
[1;32m    374[0m [38;5;124;03m    in the symbolic shape workflow.[39;00m
[1;32m    375[0m [38;5;124;03m    """[39;00m

[0;31mImportError[0m: dlopen(/Users/skojaku-admin/miniforge3/envs/applsoftcomp/lib/python3.10/site-packages/torch/_C.cpython-310-darwin.so, 0x0002): Symbol not found: __ZN2at3cpu20is_arm_sve_supportedEv
  Referenced from: <D93D20A5-7F4C-32F1-874B-FE7B416FFD91> /Users/skojaku-admin/miniforge3/envs/applsoftcomp/lib/python3.10/site-packages/torch/lib/libtorch_python.dylib
  Expected in:     <616791F0-29C3-3F88-8A88-D072E7E40979> /Users/skojaku-admin/miniforge3/envs/applsoftcomp/lib/libtorch_cpu.dylib

